<?xml version="1.0" encoding="UTF-8"?>
<!-- Generated by org.testng.reporters.JUnitXMLReporter -->
<testsuite ignored="0" hostname="AjaylovesSwaati" failures="1" tests="2" name="Test01" time="10.447" errors="0" timestamp="2022-07-18T15:17:00 IST">
  <testcase classname="test.Testclass" name="test" time="8.435"/>
  <testcase classname="test.Testclass" name="test2" time="0.018">
    <failure type="java.lang.AssertionError" message="expected [login] but found [OrangeHRM]">
      <![CDATA[java.lang.AssertionError: expected [login] but found [OrangeHRM]
at test.Testclass.test2(Testclass.java:35)
at java.base/java.util.ArrayList.forEach(ArrayList.java:1511)
... Removed 33 stack frames]]>
    </failure>
  </testcase> <!-- test2 -->
</testsuite> <!-- Test01 -->
