<?xml version="1.0" encoding="UTF-8"?>
<testng-results ignored="0" total="1" passed="1" failed="0" skipped="0">
  <reporter-output>
  </reporter-output>
  <suite started-at="2022-07-16T11:52:18 IST" name="Suite" finished-at="2022-07-16T11:52:19 IST" duration-ms="1017">
    <groups>
    </groups>
    <test started-at="2022-07-16T11:52:18 IST" name="Test01" finished-at="2022-07-16T11:52:19 IST" duration-ms="1017">
      <class name="test.Test2">
        <test-method is-config="true" signature="Log()[pri:0, instance:test.Test2@20ce78ec]" started-at="2022-07-16T11:51:42 IST" name="Log" finished-at="2022-07-16T11:52:18 IST" duration-ms="36284" status="PASS">
          <reporter-output>
          </reporter-output>
        </test-method> <!-- Log -->
        <test-method is-config="true" signature="ob()[pri:0, instance:test.Test2@20ce78ec]" started-at="2022-07-16T11:52:18 IST" name="ob" finished-at="2022-07-16T11:52:18 IST" duration-ms="49" status="PASS">
          <reporter-output>
          </reporter-output>
        </test-method> <!-- ob -->
        <test-method signature="test()[pri:0, instance:test.Test2@20ce78ec]" started-at="2022-07-16T11:52:18 IST" name="test" finished-at="2022-07-16T11:52:19 IST" duration-ms="346" status="PASS">
          <reporter-output>
          </reporter-output>
        </test-method> <!-- test -->
        <test-method is-config="true" signature="teardown()[pri:0, instance:test.Test2@20ce78ec]" started-at="2022-07-16T11:52:19 IST" name="teardown" finished-at="2022-07-16T11:52:19 IST" duration-ms="372" status="PASS">
          <reporter-output>
          </reporter-output>
        </test-method> <!-- teardown -->
      </class> <!-- test.Test2 -->
    </test> <!-- Test01 -->
  </suite> <!-- Suite -->
</testng-results>
